<?xml version="1.0" encoding="UTF-8"?>
<!-- Generated by org.testng.reporters.JUnitReportReporter -->
<testsuite hostname="AGI-LT-764" failures="0" tests="1" name="ArisFramework1.ArisFramework1.Base" time="0.020" errors="0" timestamp="2021-09-24T15:22:14 IST" skipped="0">
  <testcase classname="ArisFramework1.ArisFramework1.Base" name="Lunchbrowser" time="0.020"/>
  <system-out/>
</testsuite> <!-- ArisFramework1.ArisFramework1.Base -->
